<?xml version="1.0" encoding="UTF-8"?>
<testng-results ignored="2" total="13" passed="9" failed="2" skipped="0">
  <reporter-output>
  </reporter-output>
  <suite started-at="2022-10-02T22:45:12 EDT" name="Suite" finished-at="2022-10-02T22:47:05 EDT" duration-ms="113540">
    <groups>
    </groups>
    <test started-at="2022-10-02T22:45:12 EDT" name="caseScriptTest" finished-at="2022-10-02T22:47:05 EDT" duration-ms="113540">
      <class name="SFProject.utility.test.CaseScript">
        <test-method is-config="true" signature="setupBeforeTest()[pri:0, instance:SFProject.utility.test.CaseScript@ca30bc1]" started-at="2022-10-02T22:45:12 EDT" name="setupBeforeTest" finished-at="2022-10-02T22:45:12 EDT" duration-ms="99" status="PASS">
          <reporter-output>
          </reporter-output>
        </test-method> <!-- setupBeforeTest -->
        <test-method is-config="true" signature="setUp(java.lang.String,java.lang.reflect.Method)[pri:0, instance:SFProject.utility.test.CaseScript@ca30bc1]" started-at="2022-10-02T22:45:12 EDT" name="setUp" finished-at="2022-10-02T22:45:16 EDT" duration-ms="3956" status="PASS">
          <params>
            <param index="0">
              <value>
                <![CDATA[firefox]]>
              </value>
            </param>
            <param index="1">
              <value>
                <![CDATA[public static void SFProject.utility.test.CaseScript.T1sf() throws java.lang.Exception]]>
              </value>
            </param>
          </params>
          <reporter-output>
          </reporter-output>
        </test-method> <!-- setUp -->
        <test-method signature="T1sf()[pri:0, instance:SFProject.utility.test.CaseScript@ca30bc1]" started-at="2022-10-02T22:45:16 EDT" name="T1sf" finished-at="2022-10-02T22:45:16 EDT" duration-ms="704" status="PASS">
          <reporter-output>
          </reporter-output>
        </test-method> <!-- T1sf -->
        <test-method is-config="true" signature="tearDown()[pri:0, instance:SFProject.utility.test.CaseScript@ca30bc1]" started-at="2022-10-02T22:45:16 EDT" name="tearDown" finished-at="2022-10-02T22:45:17 EDT" duration-ms="792" status="PASS">
          <reporter-output>
          </reporter-output>
        </test-method> <!-- tearDown -->
        <test-method is-config="true" signature="setUp(java.lang.String,java.lang.reflect.Method)[pri:0, instance:SFProject.utility.test.CaseScript@ca30bc1]" started-at="2022-10-02T22:45:17 EDT" name="setUp" finished-at="2022-10-02T22:45:20 EDT" duration-ms="2691" status="PASS">
          <params>
            <param index="0">
              <value>
                <![CDATA[firefox]]>
              </value>
            </param>
            <param index="1">
              <value>
                <![CDATA[public static void SFProject.utility.test.CaseScript.T2sf() throws java.io.IOException]]>
              </value>
            </param>
          </params>
          <reporter-output>
          </reporter-output>
        </test-method> <!-- setUp -->
        <test-method signature="T2sf()[pri:0, instance:SFProject.utility.test.CaseScript@ca30bc1]" started-at="2022-10-02T22:45:20 EDT" name="T2sf" finished-at="2022-10-02T22:45:22 EDT" duration-ms="1844" status="PASS">
          <reporter-output>
          </reporter-output>
        </test-method> <!-- T2sf -->
        <test-method is-config="true" signature="tearDown()[pri:0, instance:SFProject.utility.test.CaseScript@ca30bc1]" started-at="2022-10-02T22:45:22 EDT" name="tearDown" finished-at="2022-10-02T22:45:22 EDT" duration-ms="804" status="PASS">
          <reporter-output>
          </reporter-output>
        </test-method> <!-- tearDown -->
        <test-method is-config="true" signature="setUp(java.lang.String,java.lang.reflect.Method)[pri:0, instance:SFProject.utility.test.CaseScript@ca30bc1]" started-at="2022-10-02T22:45:22 EDT" name="setUp" finished-at="2022-10-02T22:45:25 EDT" duration-ms="2791" status="PASS">
          <params>
            <param index="0">
              <value>
                <![CDATA[firefox]]>
              </value>
            </param>
            <param index="1">
              <value>
                <![CDATA[public static void SFProject.utility.test.CaseScript.T3sf()]]>
              </value>
            </param>
          </params>
          <reporter-output>
          </reporter-output>
        </test-method> <!-- setUp -->
        <test-method signature="T3sf()[pri:0, instance:SFProject.utility.test.CaseScript@ca30bc1]" started-at="2022-10-02T22:45:25 EDT" name="T3sf" finished-at="2022-10-02T22:45:27 EDT" duration-ms="1656" status="FAIL">
          <exception class="org.openqa.selenium.NoSuchElementException">
            <message>
              <![CDATA[Unable to locate element: #userNavLabel
For documentation on this error, please visit: https://selenium.dev/exceptions/#no_such_element
Build info: version: '4.4.0', revision: 'e5c75ed026a'
System info: host: 'NP2008', ip: '172.20.7.74', os.name: 'Windows 10', os.arch: 'amd64', os.version: '10.0', java.version: '17.0.4'
Driver info: org.openqa.selenium.firefox.FirefoxDriver
Command: [48207216-0f45-43c0-a48b-13b8ad9b00a1, findElement {using=id, value=userNavLabel}]
Capabilities {acceptInsecureCerts: true, browserName: firefox, browserVersion: 105.0.1, moz:accessibilityChecks: false, moz:buildID: 20220922151854, moz:debuggerAddress: 127.0.0.1:64255, moz:geckodriverVersion: 0.31.0, moz:headless: false, moz:platformVersion: 10.0, moz:processID: 8396, moz:profile: C:\Users\Narendra\AppData\L..., moz:shutdownTimeout: 60000, moz:useNonSpecCompliantPointerOrigin: false, moz:webdriverClick: true, moz:windowless: false, pageLoadStrategy: normal, platformName: WINDOWS, proxy: Proxy(), se:cdp: ws://127.0.0.1:64255/devtoo..., se:cdpVersion: 85.0, setWindowRect: true, strictFileInteractability: false, timeouts: {implicit: 0, pageLoad: 300000, script: 30000}, unhandledPromptBehavior: dismiss and notify}
Session ID: 48207216-0f45-43c0-a48b-13b8ad9b00a1]]>
            </message>
            <full-stacktrace>
              <![CDATA[org.openqa.selenium.NoSuchElementException: Unable to locate element: #userNavLabel
For documentation on this error, please visit: https://selenium.dev/exceptions/#no_such_element
Build info: version: '4.4.0', revision: 'e5c75ed026a'
System info: host: 'NP2008', ip: '172.20.7.74', os.name: 'Windows 10', os.arch: 'amd64', os.version: '10.0', java.version: '17.0.4'
Driver info: org.openqa.selenium.firefox.FirefoxDriver
Command: [48207216-0f45-43c0-a48b-13b8ad9b00a1, findElement {using=id, value=userNavLabel}]
Capabilities {acceptInsecureCerts: true, browserName: firefox, browserVersion: 105.0.1, moz:accessibilityChecks: false, moz:buildID: 20220922151854, moz:debuggerAddress: 127.0.0.1:64255, moz:geckodriverVersion: 0.31.0, moz:headless: false, moz:platformVersion: 10.0, moz:processID: 8396, moz:profile: C:\Users\Narendra\AppData\L..., moz:shutdownTimeout: 60000, moz:useNonSpecCompliantPointerOrigin: false, moz:webdriverClick: true, moz:windowless: false, pageLoadStrategy: normal, platformName: WINDOWS, proxy: Proxy(), se:cdp: ws://127.0.0.1:64255/devtoo..., se:cdpVersion: 85.0, setWindowRect: true, strictFileInteractability: false, timeouts: {implicit: 0, pageLoad: 300000, script: 30000}, unhandledPromptBehavior: dismiss and notify}
Session ID: 48207216-0f45-43c0-a48b-13b8ad9b00a1
at java.base/jdk.internal.reflect.NativeConstructorAccessorImpl.newInstance0(Native Method)
at java.base/jdk.internal.reflect.NativeConstructorAccessorImpl.newInstance(NativeConstructorAccessorImpl.java:77)
at java.base/jdk.internal.reflect.DelegatingConstructorAccessorImpl.newInstance(DelegatingConstructorAccessorImpl.java:45)
at java.base/java.lang.reflect.Constructor.newInstanceWithCaller(Constructor.java:499)
at java.base/java.lang.reflect.Constructor.newInstance(Constructor.java:480)
at org.openqa.selenium.remote.codec.w3c.W3CHttpResponseCodec.createException(W3CHttpResponseCodec.java:200)
at org.openqa.selenium.remote.codec.w3c.W3CHttpResponseCodec.decode(W3CHttpResponseCodec.java:133)
at org.openqa.selenium.remote.codec.w3c.W3CHttpResponseCodec.decode(W3CHttpResponseCodec.java:53)
at org.openqa.selenium.remote.HttpCommandExecutor.execute(HttpCommandExecutor.java:184)
at org.openqa.selenium.remote.service.DriverCommandExecutor.invokeExecute(DriverCommandExecutor.java:167)
at org.openqa.selenium.remote.service.DriverCommandExecutor.execute(DriverCommandExecutor.java:142)
at org.openqa.selenium.remote.RemoteWebDriver.execute(RemoteWebDriver.java:547)
at org.openqa.selenium.remote.ElementLocation$ElementFinder$2.findElement(ElementLocation.java:162)
at org.openqa.selenium.remote.ElementLocation.findElement(ElementLocation.java:60)
at org.openqa.selenium.remote.RemoteWebDriver.findElement(RemoteWebDriver.java:365)
at org.openqa.selenium.remote.RemoteWebDriver.findElement(RemoteWebDriver.java:357)
at SFProject.utility.test.CaseScript.T3sf(CaseScript.java:68)
at java.base/jdk.internal.reflect.NativeMethodAccessorImpl.invoke0(Native Method)
at java.base/jdk.internal.reflect.NativeMethodAccessorImpl.invoke(NativeMethodAccessorImpl.java:77)
at java.base/jdk.internal.reflect.DelegatingMethodAccessorImpl.invoke(DelegatingMethodAccessorImpl.java:43)
at java.base/java.lang.reflect.Method.invoke(Method.java:568)
at org.testng.internal.MethodInvocationHelper.invokeMethod(MethodInvocationHelper.java:133)
at org.testng.internal.TestInvoker.invokeMethod(TestInvoker.java:598)
at org.testng.internal.TestInvoker.invokeTestMethod(TestInvoker.java:173)
at org.testng.internal.MethodRunner.runInSequence(MethodRunner.java:46)
at org.testng.internal.TestInvoker$MethodInvocationAgent.invoke(TestInvoker.java:824)
at org.testng.internal.TestInvoker.invokeTestMethods(TestInvoker.java:146)
at org.testng.internal.TestMethodWorker.invokeTestMethods(TestMethodWorker.java:146)
at org.testng.internal.TestMethodWorker.run(TestMethodWorker.java:128)
at java.base/java.util.ArrayList.forEach(ArrayList.java:1511)
at org.testng.TestRunner.privateRun(TestRunner.java:794)
at org.testng.TestRunner.run(TestRunner.java:596)
at org.testng.SuiteRunner.runTest(SuiteRunner.java:377)
at org.testng.SuiteRunner.runSequentially(SuiteRunner.java:371)
at org.testng.SuiteRunner.privateRun(SuiteRunner.java:332)
at org.testng.SuiteRunner.run(SuiteRunner.java:276)
at org.testng.SuiteRunnerWorker.runSuite(SuiteRunnerWorker.java:53)
at org.testng.SuiteRunnerWorker.run(SuiteRunnerWorker.java:96)
at org.testng.TestNG.runSuitesSequentially(TestNG.java:1212)
at org.testng.TestNG.runSuitesLocally(TestNG.java:1134)
at org.testng.TestNG.runSuites(TestNG.java:1063)
at org.testng.TestNG.run(TestNG.java:1031)
at org.testng.remote.AbstractRemoteTestNG.run(AbstractRemoteTestNG.java:115)
at org.testng.remote.RemoteTestNG.initAndRun(RemoteTestNG.java:251)
at org.testng.remote.RemoteTestNG.main(RemoteTestNG.java:77)
]]>
            </full-stacktrace>
          </exception> <!-- org.openqa.selenium.NoSuchElementException -->
          <reporter-output>
          </reporter-output>
        </test-method> <!-- T3sf -->
        <test-method is-config="true" signature="tearDown()[pri:0, instance:SFProject.utility.test.CaseScript@ca30bc1]" started-at="2022-10-02T22:45:27 EDT" name="tearDown" finished-at="2022-10-02T22:45:28 EDT" duration-ms="671" status="PASS">
          <reporter-output>
          </reporter-output>
        </test-method> <!-- tearDown -->
        <test-method is-config="true" signature="setUp(java.lang.String,java.lang.reflect.Method)[pri:0, instance:SFProject.utility.test.CaseScript@ca30bc1]" started-at="2022-10-02T22:45:28 EDT" name="setUp" finished-at="2022-10-02T22:45:30 EDT" duration-ms="2574" status="PASS">
          <params>
            <param index="0">
              <value>
                <![CDATA[firefox]]>
              </value>
            </param>
            <param index="1">
              <value>
                <![CDATA[public static void SFProject.utility.test.CaseScript.T4asf()]]>
              </value>
            </param>
          </params>
          <reporter-output>
          </reporter-output>
        </test-method> <!-- setUp -->
        <test-method signature="T4asf()[pri:0, instance:SFProject.utility.test.CaseScript@ca30bc1]" started-at="2022-10-02T22:45:30 EDT" name="T4asf" finished-at="2022-10-02T22:45:31 EDT" duration-ms="988" status="PASS">
          <reporter-output>
          </reporter-output>
        </test-method> <!-- T4asf -->
        <test-method is-config="true" signature="tearDown()[pri:0, instance:SFProject.utility.test.CaseScript@ca30bc1]" started-at="2022-10-02T22:45:31 EDT" name="tearDown" finished-at="2022-10-02T22:45:32 EDT" duration-ms="762" status="PASS">
          <reporter-output>
          </reporter-output>
        </test-method> <!-- tearDown -->
        <test-method is-config="true" signature="setUp(java.lang.String,java.lang.reflect.Method)[pri:0, instance:SFProject.utility.test.CaseScript@ca30bc1]" started-at="2022-10-02T22:45:32 EDT" name="setUp" finished-at="2022-10-02T22:45:35 EDT" duration-ms="2825" status="PASS">
          <params>
            <param index="0">
              <value>
                <![CDATA[firefox]]>
              </value>
            </param>
            <param index="1">
              <value>
                <![CDATA[public static void SFProject.utility.test.CaseScript.T4bsf()]]>
              </value>
            </param>
          </params>
          <reporter-output>
          </reporter-output>
        </test-method> <!-- setUp -->
        <test-method signature="T4bsf()[pri:0, instance:SFProject.utility.test.CaseScript@ca30bc1]" started-at="2022-10-02T22:45:35 EDT" name="T4bsf" finished-at="2022-10-02T22:45:35 EDT" duration-ms="303" status="PASS">
          <reporter-output>
          </reporter-output>
        </test-method> <!-- T4bsf -->
        <test-method is-config="true" signature="tearDown()[pri:0, instance:SFProject.utility.test.CaseScript@ca30bc1]" started-at="2022-10-02T22:45:35 EDT" name="tearDown" finished-at="2022-10-02T22:45:36 EDT" duration-ms="764" status="PASS">
          <reporter-output>
          </reporter-output>
        </test-method> <!-- tearDown -->
        <test-method is-config="true" signature="setUp(java.lang.String,java.lang.reflect.Method)[pri:0, instance:SFProject.utility.test.CaseScript@ca30bc1]" started-at="2022-10-02T22:45:36 EDT" name="setUp" finished-at="2022-10-02T22:45:38 EDT" duration-ms="2658" status="PASS">
          <params>
            <param index="0">
              <value>
                <![CDATA[firefox]]>
              </value>
            </param>
            <param index="1">
              <value>
                <![CDATA[public static void SFProject.utility.test.CaseScript.T5sf() throws java.io.IOException,java.lang.InterruptedException]]>
              </value>
            </param>
          </params>
          <reporter-output>
          </reporter-output>
        </test-method> <!-- setUp -->
        <test-method signature="T5sf()[pri:0, instance:SFProject.utility.test.CaseScript@ca30bc1]" started-at="2022-10-02T22:45:38 EDT" name="T5sf" finished-at="2022-10-02T22:45:43 EDT" duration-ms="4158" status="PASS">
          <reporter-output>
          </reporter-output>
        </test-method> <!-- T5sf -->
        <test-method is-config="true" signature="tearDown()[pri:0, instance:SFProject.utility.test.CaseScript@ca30bc1]" started-at="2022-10-02T22:45:43 EDT" name="tearDown" finished-at="2022-10-02T22:45:43 EDT" duration-ms="859" status="PASS">
          <reporter-output>
          </reporter-output>
        </test-method> <!-- tearDown -->
        <test-method is-config="true" signature="setUp(java.lang.String,java.lang.reflect.Method)[pri:0, instance:SFProject.utility.test.CaseScript@ca30bc1]" started-at="2022-10-02T22:45:43 EDT" name="setUp" finished-at="2022-10-02T22:45:46 EDT" duration-ms="2838" status="PASS">
          <params>
            <param index="0">
              <value>
                <![CDATA[firefox]]>
              </value>
            </param>
            <param index="1">
              <value>
                <![CDATA[public static void SFProject.utility.test.CaseScript.T6sf() throws java.io.IOException,java.lang.InterruptedException]]>
              </value>
            </param>
          </params>
          <reporter-output>
          </reporter-output>
        </test-method> <!-- setUp -->
        <test-method signature="T6sf()[pri:0, instance:SFProject.utility.test.CaseScript@ca30bc1]" started-at="2022-10-02T22:45:46 EDT" name="T6sf" finished-at="2022-10-02T22:46:21 EDT" duration-ms="34551" status="FAIL">
          <exception class="org.openqa.selenium.TimeoutException">
            <message>
              <![CDATA[Expected condition failed: waiting for visibility of element located by By.xpath: //a[contains(text(),'About')] (tried for 30 second(s) with 500 milliseconds interval)
Build info: version: '4.4.0', revision: 'e5c75ed026a'
System info: host: 'NP2008', ip: '172.20.7.74', os.name: 'Windows 10', os.arch: 'amd64', os.version: '10.0', java.version: '17.0.4'
Driver info: org.openqa.selenium.firefox.FirefoxDriver
Capabilities {acceptInsecureCerts: true, browserName: firefox, browserVersion: 105.0.1, moz:accessibilityChecks: false, moz:buildID: 20220922151854, moz:debuggerAddress: 127.0.0.1:61118, moz:geckodriverVersion: 0.31.0, moz:headless: false, moz:platformVersion: 10.0, moz:processID: 12280, moz:profile: C:\Users\Narendra\AppData\L..., moz:shutdownTimeout: 60000, moz:useNonSpecCompliantPointerOrigin: false, moz:webdriverClick: true, moz:windowless: false, pageLoadStrategy: normal, platformName: WINDOWS, proxy: Proxy(), se:cdp: ws://127.0.0.1:61118/devtoo..., se:cdpVersion: 85.0, setWindowRect: true, strictFileInteractability: false, timeouts: {implicit: 0, pageLoad: 300000, script: 30000}, unhandledPromptBehavior: dismiss and notify}
Session ID: 149eb181-7294-4134-b452-ec02eb1bf3de]]>
            </message>
            <full-stacktrace>
              <![CDATA[org.openqa.selenium.TimeoutException: Expected condition failed: waiting for visibility of element located by By.xpath: //a[contains(text(),'About')] (tried for 30 second(s) with 500 milliseconds interval)
Build info: version: '4.4.0', revision: 'e5c75ed026a'
System info: host: 'NP2008', ip: '172.20.7.74', os.name: 'Windows 10', os.arch: 'amd64', os.version: '10.0', java.version: '17.0.4'
Driver info: org.openqa.selenium.firefox.FirefoxDriver
Capabilities {acceptInsecureCerts: true, browserName: firefox, browserVersion: 105.0.1, moz:accessibilityChecks: false, moz:buildID: 20220922151854, moz:debuggerAddress: 127.0.0.1:61118, moz:geckodriverVersion: 0.31.0, moz:headless: false, moz:platformVersion: 10.0, moz:processID: 12280, moz:profile: C:\Users\Narendra\AppData\L..., moz:shutdownTimeout: 60000, moz:useNonSpecCompliantPointerOrigin: false, moz:webdriverClick: true, moz:windowless: false, pageLoadStrategy: normal, platformName: WINDOWS, proxy: Proxy(), se:cdp: ws://127.0.0.1:61118/devtoo..., se:cdpVersion: 85.0, setWindowRect: true, strictFileInteractability: false, timeouts: {implicit: 0, pageLoad: 300000, script: 30000}, unhandledPromptBehavior: dismiss and notify}
Session ID: 149eb181-7294-4134-b452-ec02eb1bf3de
at org.openqa.selenium.support.ui.WebDriverWait.timeoutException(WebDriverWait.java:87)
at org.openqa.selenium.support.ui.FluentWait.until(FluentWait.java:231)
at SFProject.utility.base.SalesforceBaseScript.waitByLocator(SalesforceBaseScript.java:220)
at SFProject.utility.test.CaseScript.T6sf(CaseScript.java:161)
at java.base/jdk.internal.reflect.NativeMethodAccessorImpl.invoke0(Native Method)
at java.base/jdk.internal.reflect.NativeMethodAccessorImpl.invoke(NativeMethodAccessorImpl.java:77)
at java.base/jdk.internal.reflect.DelegatingMethodAccessorImpl.invoke(DelegatingMethodAccessorImpl.java:43)
at java.base/java.lang.reflect.Method.invoke(Method.java:568)
at org.testng.internal.MethodInvocationHelper.invokeMethod(MethodInvocationHelper.java:133)
at org.testng.internal.TestInvoker.invokeMethod(TestInvoker.java:598)
at org.testng.internal.TestInvoker.invokeTestMethod(TestInvoker.java:173)
at org.testng.internal.MethodRunner.runInSequence(MethodRunner.java:46)
at org.testng.internal.TestInvoker$MethodInvocationAgent.invoke(TestInvoker.java:824)
at org.testng.internal.TestInvoker.invokeTestMethods(TestInvoker.java:146)
at org.testng.internal.TestMethodWorker.invokeTestMethods(TestMethodWorker.java:146)
at org.testng.internal.TestMethodWorker.run(TestMethodWorker.java:128)
at java.base/java.util.ArrayList.forEach(ArrayList.java:1511)
at org.testng.TestRunner.privateRun(TestRunner.java:794)
at org.testng.TestRunner.run(TestRunner.java:596)
at org.testng.SuiteRunner.runTest(SuiteRunner.java:377)
at org.testng.SuiteRunner.runSequentially(SuiteRunner.java:371)
at org.testng.SuiteRunner.privateRun(SuiteRunner.java:332)
at org.testng.SuiteRunner.run(SuiteRunner.java:276)
at org.testng.SuiteRunnerWorker.runSuite(SuiteRunnerWorker.java:53)
at org.testng.SuiteRunnerWorker.run(SuiteRunnerWorker.java:96)
at org.testng.TestNG.runSuitesSequentially(TestNG.java:1212)
at org.testng.TestNG.runSuitesLocally(TestNG.java:1134)
at org.testng.TestNG.runSuites(TestNG.java:1063)
at org.testng.TestNG.run(TestNG.java:1031)
at org.testng.remote.AbstractRemoteTestNG.run(AbstractRemoteTestNG.java:115)
at org.testng.remote.RemoteTestNG.initAndRun(RemoteTestNG.java:251)
at org.testng.remote.RemoteTestNG.main(RemoteTestNG.java:77)
]]>
            </full-stacktrace>
          </exception> <!-- org.openqa.selenium.TimeoutException -->
          <reporter-output>
          </reporter-output>
        </test-method> <!-- T6sf -->
        <test-method is-config="true" signature="tearDown()[pri:0, instance:SFProject.utility.test.CaseScript@ca30bc1]" started-at="2022-10-02T22:46:21 EDT" name="tearDown" finished-at="2022-10-02T22:46:22 EDT" duration-ms="737" status="PASS">
          <reporter-output>
          </reporter-output>
        </test-method> <!-- tearDown -->
        <test-method is-config="true" signature="setUp(java.lang.String,java.lang.reflect.Method)[pri:0, instance:SFProject.utility.test.CaseScript@ca30bc1]" started-at="2022-10-02T22:46:22 EDT" name="setUp" finished-at="2022-10-02T22:46:24 EDT" duration-ms="2708" status="PASS">
          <params>
            <param index="0">
              <value>
                <![CDATA[firefox]]>
              </value>
            </param>
            <param index="1">
              <value>
                <![CDATA[public static void SFProject.utility.test.CaseScript.T7sf() throws java.io.IOException,java.lang.InterruptedException]]>
              </value>
            </param>
          </params>
          <reporter-output>
          </reporter-output>
        </test-method> <!-- setUp -->
        <test-method signature="T7sf()[pri:0, instance:SFProject.utility.test.CaseScript@ca30bc1]" started-at="2022-10-02T22:46:24 EDT" name="T7sf" finished-at="2022-10-02T22:46:35 EDT" duration-ms="10854" status="PASS">
          <reporter-output>
          </reporter-output>
        </test-method> <!-- T7sf -->
        <test-method is-config="true" signature="tearDown()[pri:0, instance:SFProject.utility.test.CaseScript@ca30bc1]" started-at="2022-10-02T22:46:35 EDT" name="tearDown" finished-at="2022-10-02T22:46:36 EDT" duration-ms="1114" status="PASS">
          <reporter-output>
          </reporter-output>
        </test-method> <!-- tearDown -->
        <test-method is-config="true" signature="setUp(java.lang.String,java.lang.reflect.Method)[pri:0, instance:SFProject.utility.test.CaseScript@ca30bc1]" started-at="2022-10-02T22:46:36 EDT" name="setUp" finished-at="2022-10-02T22:46:39 EDT" duration-ms="2727" status="PASS">
          <params>
            <param index="0">
              <value>
                <![CDATA[firefox]]>
              </value>
            </param>
            <param index="1">
              <value>
                <![CDATA[public static void SFProject.utility.test.CaseScript.T8sf() throws java.io.IOException,java.lang.InterruptedException]]>
              </value>
            </param>
          </params>
          <reporter-output>
          </reporter-output>
        </test-method> <!-- setUp -->
        <test-method signature="T8sf()[pri:0, instance:SFProject.utility.test.CaseScript@ca30bc1]" started-at="2022-10-02T22:46:39 EDT" name="T8sf" finished-at="2022-10-02T22:46:42 EDT" duration-ms="2696" status="PASS">
          <reporter-output>
          </reporter-output>
        </test-method> <!-- T8sf -->
        <test-method is-config="true" signature="tearDown()[pri:0, instance:SFProject.utility.test.CaseScript@ca30bc1]" started-at="2022-10-02T22:46:42 EDT" name="tearDown" finished-at="2022-10-02T22:46:42 EDT" duration-ms="767" status="PASS">
          <reporter-output>
          </reporter-output>
        </test-method> <!-- tearDown -->
        <test-method is-config="true" signature="setUp(java.lang.String,java.lang.reflect.Method)[pri:0, instance:SFProject.utility.test.CaseScript@ca30bc1]" started-at="2022-10-02T22:46:42 EDT" name="setUp" finished-at="2022-10-02T22:46:45 EDT" duration-ms="2793" status="PASS">
          <params>
            <param index="0">
              <value>
                <![CDATA[firefox]]>
              </value>
            </param>
            <param index="1">
              <value>
                <![CDATA[public static void SFProject.utility.test.CaseScript.T10sf() throws java.io.IOException,java.lang.InterruptedException]]>
              </value>
            </param>
          </params>
          <reporter-output>
          </reporter-output>
        </test-method> <!-- setUp -->
        <test-method signature="T10sf()[pri:0, instance:SFProject.utility.test.CaseScript@ca30bc1]" started-at="2022-10-02T22:46:45 EDT" name="T10sf" finished-at="2022-10-02T22:46:54 EDT" duration-ms="8485" status="PASS">
          <reporter-output>
          </reporter-output>
        </test-method> <!-- T10sf -->
        <test-method is-config="true" signature="tearDown()[pri:0, instance:SFProject.utility.test.CaseScript@ca30bc1]" started-at="2022-10-02T22:46:54 EDT" name="tearDown" finished-at="2022-10-02T22:46:55 EDT" duration-ms="906" status="PASS">
          <reporter-output>
          </reporter-output>
        </test-method> <!-- tearDown -->
        <test-method is-config="true" signature="setUp(java.lang.String,java.lang.reflect.Method)[pri:0, instance:SFProject.utility.test.CaseScript@ca30bc1]" started-at="2022-10-02T22:46:55 EDT" name="setUp" finished-at="2022-10-02T22:46:57 EDT" duration-ms="2659" status="PASS">
          <params>
            <param index="0">
              <value>
                <![CDATA[firefox]]>
              </value>
            </param>
            <param index="1">
              <value>
                <![CDATA[public static void SFProject.utility.test.CaseScript.T12sf() throws java.io.IOException,java.lang.InterruptedException]]>
              </value>
            </param>
          </params>
          <reporter-output>
          </reporter-output>
        </test-method> <!-- setUp -->
        <test-method signature="T12sf()[pri:0, instance:SFProject.utility.test.CaseScript@ca30bc1]" started-at="2022-10-02T22:46:57 EDT" name="T12sf" finished-at="2022-10-02T22:47:04 EDT" duration-ms="6687" status="PASS">
          <reporter-output>
          </reporter-output>
        </test-method> <!-- T12sf -->
        <test-method is-config="true" signature="tearDown()[pri:0, instance:SFProject.utility.test.CaseScript@ca30bc1]" started-at="2022-10-02T22:47:04 EDT" name="tearDown" finished-at="2022-10-02T22:47:05 EDT" duration-ms="794" status="PASS">
          <reporter-output>
          </reporter-output>
        </test-method> <!-- tearDown -->
        <test-method is-config="true" signature="teardownAfterTest()[pri:0, instance:SFProject.utility.test.CaseScript@ca30bc1]" started-at="2022-10-02T22:47:05 EDT" name="teardownAfterTest" finished-at="2022-10-02T22:47:05 EDT" duration-ms="259" status="PASS">
          <reporter-output>
          </reporter-output>
        </test-method> <!-- teardownAfterTest -->
      </class> <!-- SFProject.utility.test.CaseScript -->
    </test> <!-- caseScriptTest -->
  </suite> <!-- Suite -->
</testng-results>
